08-06 15:50:38.429 11563-11679 [INFO ] FrameProducer: 
    ---- DepthFrameProducer Performance Info, total frame count: 120 ------------
            latency average: aggregate(11 MS), latest 120 frames(11 MS)
        transcoding average: aggregate(0 MS), latest 120 frames(0 MS)
          filtering average: aggregate(0 MS), latest 120 frames(0 MS)
                FPS average: aggregate(120), latest 11 frames(93.20)

08-06 15:50:38.430 11563-11678 [INFO ] FrameProducer: 
    ---- ColorFrameProducer Performance Info, total frame count: 120 ------------
            latency average: aggregate(15 MS), latest 120 frames(15 MS)
        transcoding average: aggregate(1 MS), latest 120 frames(1 MS)
          filtering average: aggregate(0 MS), latest 120 frames(0 MS)
                FPS average: aggregate(120), latest 15 frames(98.79)

08-06 15:50:38.478 11563-11677 [INFO ] PCFrameProducer: 
    ---- PCFrameProducer Performance Info, total frame count: 120 ------------
            latency average: aggregate(2 MS), latest 120 frames(2 MS)
        transcoding average: aggregate(2 MS), latest 120 frames(2 MS)
        color frame latency: aggregate(21 MS), latest 120 frames(21 MS)
        depth frame latency: aggregate(20 MS), latest 120 frames(20 MS)
                FPS average: aggregate(120), latest -813822546 frames(99.28)

08-06 15:50:39.762 11563-11678 [INFO ] FrameProducer: 
    ---- ColorFrameProducer Performance Info, total frame count: 240 ------------
            latency average: aggregate(13 MS), latest 120 frames(11 MS)
        transcoding average: aggregate(0 MS), latest 120 frames(0 MS)
          filtering average: aggregate(0 MS), latest 120 frames(0 MS)
                FPS average: aggregate(120), latest 11 frames(94.24)

08-06 15:50:39.765 11563-11679 [INFO ] FrameProducer: 
    ---- DepthFrameProducer Performance Info, total frame count: 240 ------------
            latency average: aggregate(11 MS), latest 120 frames(11 MS)
        transcoding average: aggregate(0 MS), latest 120 frames(0 MS)
          filtering average: aggregate(0 MS), latest 120 frames(0 MS)
                FPS average: aggregate(120), latest 11 frames(91.48)

08-06 15:50:39.811 11563-11677 [INFO ] PCFrameProducer: 
    ---- PCFrameProducer Performance Info, total frame count: 240 ------------
            latency average: aggregate(1 MS), latest 120 frames(1 MS)
        transcoding average: aggregate(1 MS), latest 120 frames(1 MS)
        color frame latency: aggregate(18 MS), latest 120 frames(14 MS)
        depth frame latency: aggregate(17 MS), latest 120 frames(14 MS)
                FPS average: aggregate(120), latest -813822546 frames(94.45)

08-06 15:50:41.097 11563-11679 [INFO ] FrameProducer: 
    ---- DepthFrameProducer Performance Info, total frame count: 360 ------------
            latency average: aggregate(11 MS), latest 120 frames(11 MS)
        transcoding average: aggregate(0 MS), latest 120 frames(0 MS)
          filtering average: aggregate(0 MS), latest 120 frames(0 MS)
                FPS average: aggregate(120), latest 11 frames(91.00)

08-06 15:50:41.098 11563-11678 [INFO ] FrameProducer: 
    ---- ColorFrameProducer Performance Info, total frame count: 360 ------------
            latency average: aggregate(13 MS), latest 120 frames(11 MS)
        transcoding average: aggregate(0 MS), latest 120 frames(0 MS)
          filtering average: aggregate(0 MS), latest 120 frames(0 MS)
                FPS average: aggregate(120), latest 11 frames(92.71)

08-06 15:50:41.144 11563-11677 [INFO ] PCFrameProducer: 
    ---- PCFrameProducer Performance Info, total frame count: 360 ------------
            latency average: aggregate(1 MS), latest 120 frames(1 MS)
        transcoding average: aggregate(1 MS), latest 120 frames(1 MS)
        color frame latency: aggregate(17 MS), latest 120 frames(15 MS)
        depth frame latency: aggregate(16 MS), latest 120 frames(14 MS)
                FPS average: aggregate(120), latest -813822546 frames(92.93)

08-06 15:50:42.430 11563-11679 [INFO ] FrameProducer: 
    ---- DepthFrameProducer Performance Info, total frame count: 480 ------------
            latency average: aggregate(11 MS), latest 120 frames(12 MS)
        transcoding average: aggregate(0 MS), latest 120 frames(0 MS)
          filtering average: aggregate(0 MS), latest 120 frames(0 MS)
                FPS average: aggregate(120), latest 12 frames(90.76)

08-06 15:50:42.431 11563-11678 [INFO ] FrameProducer: 
    ---- ColorFrameProducer Performance Info, total frame count: 480 ------------
            latency average: aggregate(12 MS), latest 120 frames(11 MS)
        transcoding average: aggregate(0 MS), latest 120 frames(0 MS)
          filtering average: aggregate(0 MS), latest 120 frames(0 MS)
                FPS average: aggregate(120), latest 11 frames(92.03)

08-06 15:50:42.476 11563-11677 [INFO ] PCFrameProducer: 
    ---- PCFrameProducer Performance Info, total frame count: 480 ------------
            latency average: aggregate(1 MS), latest 120 frames(1 MS)
        transcoding average: aggregate(1 MS), latest 120 frames(1 MS)
        color frame latency: aggregate(16 MS), latest 120 frames(15 MS)
        depth frame latency: aggregate(16 MS), latest 120 frames(14 MS)
                FPS average: aggregate(120), latest -813822546 frames(92.19)

08-06 15:50:43.761 11563-11679 [INFO ] FrameProducer: 
    ---- DepthFrameProducer Performance Info, total frame count: 600 ------------
            latency average: aggregate(11 MS), latest 120 frames(12 MS)
        transcoding average: aggregate(0 MS), latest 120 frames(0 MS)
          filtering average: aggregate(0 MS), latest 120 frames(0 MS)
                FPS average: aggregate(120), latest 12 frames(90.63)

08-06 15:50:43.762 11563-11678 [INFO ] FrameProducer: 
    ---- ColorFrameProducer Performance Info, total frame count: 600 ------------
            latency average: aggregate(12 MS), latest 120 frames(11 MS)
        transcoding average: aggregate(0 MS), latest 120 frames(0 MS)
          filtering average: aggregate(0 MS), latest 120 frames(0 MS)
                FPS average: aggregate(120), latest 11 frames(91.65)

08-06 15:50:43.811 11563-11677 [INFO ] PCFrameProducer: 
    ---- PCFrameProducer Performance Info, total frame count: 600 ------------
            latency average: aggregate(1 MS), latest 120 frames(1 MS)
        transcoding average: aggregate(1 MS), latest 120 frames(1 MS)
        color frame latency: aggregate(16 MS), latest 120 frames(15 MS)
        depth frame latency: aggregate(15 MS), latest 120 frames(14 MS)
                FPS average: aggregate(120), latest -813822546 frames(91.72)

08-06 16:03:05.701 17111-17161 [INFO ] FrameProducer: 
    ---- ColorFrameProducer Performance Info, total frame count: 120 ------------
            latency average: aggregate(14 MS), latest 120 frames(14 MS)
        transcoding average: aggregate(1 MS), latest 120 frames(1 MS)
          filtering average: aggregate(0 MS), latest 120 frames(0 MS)
                FPS average: aggregate(120), latest 14 frames(97.63)

08-06 16:03:05.702 17111-17162 [INFO ] FrameProducer: 
    ---- DepthFrameProducer Performance Info, total frame count: 120 ------------
            latency average: aggregate(11 MS), latest 120 frames(11 MS)
        transcoding average: aggregate(0 MS), latest 120 frames(0 MS)
          filtering average: aggregate(0 MS), latest 120 frames(0 MS)
                FPS average: aggregate(120), latest 11 frames(93.15)

08-06 16:03:05.748 17111-17160 [INFO ] PCFrameProducer: 
    ---- PCFrameProducer Performance Info, total frame count: 120 ------------
            latency average: aggregate(2 MS), latest 120 frames(2 MS)
        transcoding average: aggregate(2 MS), latest 120 frames(2 MS)
        color frame latency: aggregate(19 MS), latest 120 frames(19 MS)
        depth frame latency: aggregate(18 MS), latest 120 frames(18 MS)
                FPS average: aggregate(120), latest 358129070 frames(97.99)

08-06 16:03:07.035 17111-17162 [INFO ] FrameProducer: 
    ---- DepthFrameProducer Performance Info, total frame count: 240 ------------
            latency average: aggregate(11 MS), latest 120 frames(11 MS)
        transcoding average: aggregate(0 MS), latest 120 frames(0 MS)
          filtering average: aggregate(0 MS), latest 120 frames(0 MS)
                FPS average: aggregate(120), latest 11 frames(91.57)

08-06 16:03:07.037 17111-17161 [INFO ] FrameProducer: 
    ---- ColorFrameProducer Performance Info, total frame count: 240 ------------
            latency average: aggregate(13 MS), latest 120 frames(11 MS)
        transcoding average: aggregate(0 MS), latest 120 frames(0 MS)
          filtering average: aggregate(0 MS), latest 120 frames(0 MS)
                FPS average: aggregate(120), latest 11 frames(93.55)

08-06 16:03:07.082 17111-17160 [INFO ] PCFrameProducer: 
    ---- PCFrameProducer Performance Info, total frame count: 240 ------------
            latency average: aggregate(2 MS), latest 120 frames(1 MS)
        transcoding average: aggregate(1 MS), latest 120 frames(1 MS)
        color frame latency: aggregate(17 MS), latest 120 frames(15 MS)
        depth frame latency: aggregate(16 MS), latest 120 frames(14 MS)
                FPS average: aggregate(120), latest 358129070 frames(93.80)

08-09 09:16:39.922 23180-23233 [INFO ] FrameProducer: 
    ---- DepthFrameProducer Performance Info, total frame count: 120 ------------
            latency average: aggregate(33 MS), latest 120 frames(33 MS)
        transcoding average: aggregate(1 MS), latest 120 frames(1 MS)
          filtering average: aggregate(0 MS), latest 120 frames(0 MS)
                FPS average: aggregate(120), latest 33 frames(30.93)

08-09 11:37:38.187 15958-16009 [INFO ] FrameProducer: 
    ---- DepthFrameProducer Performance Info, total frame count: 120 ------------
            latency average: aggregate(36 MS), latest 120 frames(36 MS)
        transcoding average: aggregate(1 MS), latest 120 frames(1 MS)
          filtering average: aggregate(0 MS), latest 120 frames(0 MS)
                FPS average: aggregate(120), latest 36 frames(30.99)

